[ 2017-09-27T15:07:20+08:00 ] ::1 /Angelababy/
INFO: [ app_init ] --START--
INFO: Run Behavior\BuildLiteBehavior [ RunTime:0.000020s ]
INFO: [ app_init ] --END-- [ RunTime:0.029100s ]
INFO: [ app_begin ] --START--
INFO: Run Behavior\ReadHtmlCacheBehavior [ RunTime:0.026325s ]
INFO: [ app_begin ] --END-- [ RunTime:0.026368s ]
SQL: SHOW COLUMNS FROM `meitu_cart` [ RunTime:0.1702s ]
SQL: SHOW COLUMNS FROM `meitu_user` [ RunTime:0.0631s ]
NOTIC: [8] Undefined index: uname D:\WWW\Angelababy\Application\Home\Controller\BaseController.class.php 第 8 行.
SQL: SELECT `uid` FROM `meitu_user` LIMIT 1   [ RunTime:0.0004s ]
SQL: SELECT `cid` FROM `meitu_cart` LIMIT 1   [ RunTime:0.0003s ]
SQL: SHOW COLUMNS FROM `meitu_cart_detail` [ RunTime:0.1532s ]
SQL: SELECT * FROM `meitu_cart_detail` INNER JOIN meitu_product  WHERE ( cartId=1 and productId=pid )  [ RunTime:0.0932s ]
NOTIC: [8] A session had already been started - ignoring session_start() D:\WWW\Angelababy\Application\Home\Controller\BaseController.class.php 第 10 行.
NOTIC: [8] Undefined index: uname D:\WWW\Angelababy\Application\Home\Controller\BaseController.class.php 第 11 行.
INFO: [ view_parse ] --START--
INFO: [ template_filter ] --START--
INFO: Run Behavior\ContentReplaceBehavior [ RunTime:0.011553s ]
INFO: [ template_filter ] --END-- [ RunTime:0.011614s ]
NOTIC: [8] Undefined variable: uname D:\WWW\Angelababy\Application\Runtime\Cache\Home\2a94b8bda04ff446dcedd42276fc99ee.php 第 49 行.
NOTIC: [8] Undefined variable: arr D:\WWW\Angelababy\Application\Runtime\Cache\Home\2a94b8bda04ff446dcedd42276fc99ee.php 第 75 行.
INFO: Run Behavior\ParseTemplateBehavior [ RunTime:0.230115s ]
INFO: [ view_parse ] --END-- [ RunTime:0.230154s ]
INFO: [ view_filter ] --START--
INFO: Run Behavior\WriteHtmlCacheBehavior [ RunTime:0.027042s ]
INFO: [ view_filter ] --END-- [ RunTime:0.027078s ]
INFO: [ app_end ] --START--
INFO: Run Behavior\ShowPageTraceBehavior [ RunTime:0.030744s ]
INFO: [ app_end ] --END-- [ RunTime:0.030807s ]

[ 2017-09-27T15:07:22+08:00 ] ::1 /Angelababy/Login/login
INFO: [ app_init ] --START--
INFO: Run Behavior\BuildLiteBehavior [ RunTime:0.000015s ]
INFO: [ app_init ] --END-- [ RunTime:0.000817s ]
INFO: [ app_begin ] --START--
INFO: Run Behavior\ReadHtmlCacheBehavior [ RunTime:0.002501s ]
INFO: [ app_begin ] --END-- [ RunTime:0.002607s ]
ERR: syntax error, unexpected 'class' (T_CLASS)

[ 2017-09-27T15:07:28+08:00 ] ::1 /Angelababy/
INFO: [ app_init ] --START--
INFO: Run Behavior\BuildLiteBehavior [ RunTime:0.000012s ]
INFO: [ app_init ] --END-- [ RunTime:0.000680s ]
INFO: [ app_begin ] --START--
INFO: Run Behavior\ReadHtmlCacheBehavior [ RunTime:0.001324s ]
INFO: [ app_begin ] --END-- [ RunTime:0.001425s ]
SQL: SHOW COLUMNS FROM `meitu_cart` [ RunTime:0.0373s ]
SQL: SHOW COLUMNS FROM `meitu_user` [ RunTime:0.0166s ]
NOTIC: [8] Undefined index: uname D:\WWW\Angelababy\Application\Home\Controller\BaseController.class.php 第 8 行.
SQL: SELECT `uid` FROM `meitu_user` LIMIT 1   [ RunTime:0.0005s ]
SQL: SELECT `cid` FROM `meitu_cart` LIMIT 1   [ RunTime:0.0003s ]
SQL: SHOW COLUMNS FROM `meitu_cart_detail` [ RunTime:0.0220s ]
SQL: SELECT * FROM `meitu_cart_detail` INNER JOIN meitu_product  WHERE ( cartId=1 and productId=pid )  [ RunTime:0.0007s ]
NOTIC: [8] A session had already been started - ignoring session_start() D:\WWW\Angelababy\Application\Home\Controller\BaseController.class.php 第 10 行.
NOTIC: [8] Undefined index: uname D:\WWW\Angelababy\Application\Home\Controller\BaseController.class.php 第 11 行.
INFO: [ view_parse ] --START--
INFO: [ template_filter ] --START--
INFO: Run Behavior\ContentReplaceBehavior [ RunTime:0.000216s ]
INFO: [ template_filter ] --END-- [ RunTime:0.000261s ]
NOTIC: [8] Undefined variable: uname D:\WWW\Angelababy\Application\Runtime\Cache\Home\2a94b8bda04ff446dcedd42276fc99ee.php 第 49 行.
NOTIC: [8] Undefined variable: arr D:\WWW\Angelababy\Application\Runtime\Cache\Home\2a94b8bda04ff446dcedd42276fc99ee.php 第 75 行.
INFO: Run Behavior\ParseTemplateBehavior [ RunTime:0.032564s ]
INFO: [ view_parse ] --END-- [ RunTime:0.032602s ]
INFO: [ view_filter ] --START--
INFO: Run Behavior\WriteHtmlCacheBehavior [ RunTime:0.000323s ]
INFO: [ view_filter ] --END-- [ RunTime:0.000349s ]
INFO: [ app_end ] --START--
INFO: Run Behavior\ShowPageTraceBehavior [ RunTime:0.000652s ]
INFO: [ app_end ] --END-- [ RunTime:0.000698s ]

[ 2017-09-27T15:07:29+08:00 ] ::1 /Angelababy/Login/login
INFO: [ app_init ] --START--
INFO: Run Behavior\BuildLiteBehavior [ RunTime:0.000018s ]
INFO: [ app_init ] --END-- [ RunTime:0.000628s ]
INFO: [ app_begin ] --START--
INFO: Run Behavior\ReadHtmlCacheBehavior [ RunTime:0.000642s ]
INFO: [ app_begin ] --END-- [ RunTime:0.000704s ]
ERR: syntax error, unexpected 'class' (T_CLASS)

[ 2017-09-27T15:25:23+08:00 ] ::1 /Angelababy/Login/login
INFO: [ app_init ] --START--
INFO: Run Behavior\BuildLiteBehavior [ RunTime:0.000010s ]
INFO: [ app_init ] --END-- [ RunTime:0.000503s ]
INFO: [ app_begin ] --START--
INFO: Run Behavior\ReadHtmlCacheBehavior [ RunTime:0.000573s ]
INFO: [ app_begin ] --END-- [ RunTime:0.000612s ]
INFO: [ view_parse ] --START--
INFO: [ template_filter ] --START--
INFO: Run Behavior\ContentReplaceBehavior [ RunTime:0.000066s ]
INFO: [ template_filter ] --END-- [ RunTime:0.000109s ]
INFO: Run Behavior\ParseTemplateBehavior [ RunTime:0.014175s ]
INFO: [ view_parse ] --END-- [ RunTime:0.014228s ]
INFO: [ view_filter ] --START--
INFO: Run Behavior\WriteHtmlCacheBehavior [ RunTime:0.000413s ]
INFO: [ view_filter ] --END-- [ RunTime:0.000447s ]
INFO: [ app_end ] --START--
INFO: Run Behavior\ShowPageTraceBehavior [ RunTime:0.000579s ]
INFO: [ app_end ] --END-- [ RunTime:0.000610s ]

[ 2017-09-27T15:25:23+08:00 ] ::1 /Angelababy/Login/login
INFO: [ app_init ] --START--
INFO: Run Behavior\BuildLiteBehavior [ RunTime:0.000012s ]
INFO: [ app_init ] --END-- [ RunTime:0.000547s ]
INFO: [ app_begin ] --START--
INFO: Run Behavior\ReadHtmlCacheBehavior [ RunTime:0.000571s ]
INFO: [ app_begin ] --END-- [ RunTime:0.000612s ]
INFO: [ view_parse ] --START--
INFO: [ template_filter ] --START--
INFO: Run Behavior\ContentReplaceBehavior [ RunTime:0.000041s ]
INFO: [ template_filter ] --END-- [ RunTime:0.000075s ]
INFO: Run Behavior\ParseTemplateBehavior [ RunTime:0.006831s ]
INFO: [ view_parse ] --END-- [ RunTime:0.006894s ]
INFO: [ view_filter ] --START--
INFO: Run Behavior\WriteHtmlCacheBehavior [ RunTime:0.000400s ]
INFO: [ view_filter ] --END-- [ RunTime:0.000429s ]
INFO: [ app_end ] --START--
INFO: Run Behavior\ShowPageTraceBehavior [ RunTime:0.000547s ]
INFO: [ app_end ] --END-- [ RunTime:0.000575s ]

[ 2017-09-27T15:25:40+08:00 ] ::1 /Angelababy/Login/checked
INFO: [ app_init ] --START--
INFO: Run Behavior\BuildLiteBehavior [ RunTime:0.000012s ]
INFO: [ app_init ] --END-- [ RunTime:0.000481s ]
INFO: [ app_begin ] --START--
INFO: Run Behavior\ReadHtmlCacheBehavior [ RunTime:0.000426s ]
INFO: [ app_begin ] --END-- [ RunTime:0.000471s ]
NOTIC: [8] A session had already been started - ignoring session_start() D:\WWW\Angelababy\Application\Home\Controller\LoginController.class.php 第 10 行.
SQL: SHOW COLUMNS FROM `meitu_user` [ RunTime:0.0477s ]
SQL: SELECT * FROM `meitu_user` LIMIT 1   [ RunTime:0.0005s ]
INFO: [ app_end ] --START--
INFO: Run Behavior\ShowPageTraceBehavior [ RunTime:0.000928s ]
INFO: [ app_end ] --END-- [ RunTime:0.000973s ]

[ 2017-09-27T15:25:43+08:00 ] ::1 /Angelababy/Index/index
INFO: [ app_init ] --START--
INFO: Run Behavior\BuildLiteBehavior [ RunTime:0.000009s ]
INFO: [ app_init ] --END-- [ RunTime:0.000646s ]
INFO: [ app_begin ] --START--
INFO: Run Behavior\ReadHtmlCacheBehavior [ RunTime:0.000463s ]
INFO: [ app_begin ] --END-- [ RunTime:0.000495s ]
SQL: SHOW COLUMNS FROM `meitu_cart` [ RunTime:0.0438s ]
SQL: SHOW COLUMNS FROM `meitu_user` [ RunTime:0.0172s ]
SQL: SELECT `uid` FROM `meitu_user` LIMIT 1   [ RunTime:0.0004s ]
SQL: SELECT `cid` FROM `meitu_cart` LIMIT 1   [ RunTime:0.0003s ]
SQL: SHOW COLUMNS FROM `meitu_cart_detail` [ RunTime:0.0163s ]
SQL: SELECT * FROM `meitu_cart_detail` INNER JOIN meitu_product  WHERE ( cartId=1 and productId=pid )  [ RunTime:0.0017s ]
NOTIC: [8] A session had already been started - ignoring session_start() D:\WWW\Angelababy\Application\Home\Controller\BaseController.class.php 第 10 行.
INFO: [ view_parse ] --START--
INFO: [ template_filter ] --START--
INFO: Run Behavior\ContentReplaceBehavior [ RunTime:0.000322s ]
INFO: [ template_filter ] --END-- [ RunTime:0.000375s ]
INFO: Run Behavior\ParseTemplateBehavior [ RunTime:0.045026s ]
INFO: [ view_parse ] --END-- [ RunTime:0.045090s ]
INFO: [ view_filter ] --START--
INFO: Run Behavior\WriteHtmlCacheBehavior [ RunTime:0.000429s ]
INFO: [ view_filter ] --END-- [ RunTime:0.000475s ]
INFO: [ app_end ] --START--
INFO: Run Behavior\ShowPageTraceBehavior [ RunTime:0.001402s ]
INFO: [ app_end ] --END-- [ RunTime:0.001509s ]

[ 2017-09-27T15:25:57+08:00 ] ::1 /Angelababy/Login/signOut
INFO: [ app_init ] --START--
INFO: Run Behavior\BuildLiteBehavior [ RunTime:0.000008s ]
INFO: [ app_init ] --END-- [ RunTime:0.000369s ]
INFO: [ app_begin ] --START--
INFO: Run Behavior\ReadHtmlCacheBehavior [ RunTime:0.000478s ]
INFO: [ app_begin ] --END-- [ RunTime:0.000513s ]
INFO: [ app_end ] --START--
INFO: Run Behavior\ShowPageTraceBehavior [ RunTime:0.000508s ]
INFO: [ app_end ] --END-- [ RunTime:0.000541s ]

[ 2017-09-27T15:25:57+08:00 ] ::1 /Angelababy/Login/signOut
INFO: [ app_init ] --START--
INFO: Run Behavior\BuildLiteBehavior [ RunTime:0.000016s ]
INFO: [ app_init ] --END-- [ RunTime:0.000374s ]
INFO: [ app_begin ] --START--
INFO: Run Behavior\ReadHtmlCacheBehavior [ RunTime:0.000495s ]
INFO: [ app_begin ] --END-- [ RunTime:0.000536s ]
INFO: [ app_end ] --START--
INFO: Run Behavior\ShowPageTraceBehavior [ RunTime:0.000520s ]
INFO: [ app_end ] --END-- [ RunTime:0.000575s ]

[ 2017-09-27T15:25:59+08:00 ] ::1 /Angelababy/Index/index
INFO: [ app_init ] --START--
INFO: Run Behavior\BuildLiteBehavior [ RunTime:0.000011s ]
INFO: [ app_init ] --END-- [ RunTime:0.000667s ]
INFO: [ app_begin ] --START--
INFO: Run Behavior\ReadHtmlCacheBehavior [ RunTime:0.000701s ]
INFO: [ app_begin ] --END-- [ RunTime:0.000765s ]
SQL: SHOW COLUMNS FROM `meitu_cart` [ RunTime:0.0178s ]
SQL: SHOW COLUMNS FROM `meitu_user` [ RunTime:0.0113s ]
SQL: SELECT `uid` FROM `meitu_user` LIMIT 1   [ RunTime:0.0003s ]
SQL: SELECT `cid` FROM `meitu_cart` LIMIT 1   [ RunTime:0.0002s ]
SQL: SHOW COLUMNS FROM `meitu_cart_detail` [ RunTime:0.0193s ]
SQL: SELECT * FROM `meitu_cart_detail` INNER JOIN meitu_product  WHERE ( cartId=1 and productId=pid )  [ RunTime:0.0004s ]
NOTIC: [8] A session had already been started - ignoring session_start() D:\WWW\Angelababy\Application\Home\Controller\BaseController.class.php 第 10 行.
INFO: [ view_parse ] --START--
INFO: [ template_filter ] --START--
INFO: Run Behavior\ContentReplaceBehavior [ RunTime:0.000196s ]
INFO: [ template_filter ] --END-- [ RunTime:0.000237s ]
NOTIC: [8] Undefined variable: uname D:\WWW\Angelababy\Application\Runtime\Cache\Home\2a94b8bda04ff446dcedd42276fc99ee.php 第 49 行.
NOTIC: [8] Undefined variable: arr D:\WWW\Angelababy\Application\Runtime\Cache\Home\2a94b8bda04ff446dcedd42276fc99ee.php 第 75 行.
INFO: Run Behavior\ParseTemplateBehavior [ RunTime:0.032423s ]
INFO: [ view_parse ] --END-- [ RunTime:0.032461s ]
INFO: [ view_filter ] --START--
INFO: Run Behavior\WriteHtmlCacheBehavior [ RunTime:0.000332s ]
INFO: [ view_filter ] --END-- [ RunTime:0.000387s ]
INFO: [ app_end ] --START--
INFO: Run Behavior\ShowPageTraceBehavior [ RunTime:0.000595s ]
INFO: [ app_end ] --END-- [ RunTime:0.000637s ]

[ 2017-09-27T15:26:00+08:00 ] ::1 /Angelababy/Index/index
INFO: [ app_init ] --START--
INFO: Run Behavior\BuildLiteBehavior [ RunTime:0.000008s ]
INFO: [ app_init ] --END-- [ RunTime:0.000372s ]
INFO: [ app_begin ] --START--
INFO: Run Behavior\ReadHtmlCacheBehavior [ RunTime:0.000467s ]
INFO: [ app_begin ] --END-- [ RunTime:0.000505s ]
SQL: SHOW COLUMNS FROM `meitu_cart` [ RunTime:0.0249s ]
SQL: SHOW COLUMNS FROM `meitu_user` [ RunTime:0.0139s ]
SQL: SELECT `uid` FROM `meitu_user` LIMIT 1   [ RunTime:0.0003s ]
SQL: SELECT `cid` FROM `meitu_cart` LIMIT 1   [ RunTime:0.0002s ]
SQL: SHOW COLUMNS FROM `meitu_cart_detail` [ RunTime:0.0120s ]
SQL: SELECT * FROM `meitu_cart_detail` INNER JOIN meitu_product  WHERE ( cartId=1 and productId=pid )  [ RunTime:0.0006s ]
NOTIC: [8] A session had already been started - ignoring session_start() D:\WWW\Angelababy\Application\Home\Controller\BaseController.class.php 第 10 行.
INFO: [ view_parse ] --START--
INFO: [ template_filter ] --START--
INFO: Run Behavior\ContentReplaceBehavior [ RunTime:0.000251s ]
INFO: [ template_filter ] --END-- [ RunTime:0.000297s ]
NOTIC: [8] Undefined variable: uname D:\WWW\Angelababy\Application\Runtime\Cache\Home\2a94b8bda04ff446dcedd42276fc99ee.php 第 49 行.
NOTIC: [8] Undefined variable: arr D:\WWW\Angelababy\Application\Runtime\Cache\Home\2a94b8bda04ff446dcedd42276fc99ee.php 第 75 行.
INFO: Run Behavior\ParseTemplateBehavior [ RunTime:0.034327s ]
INFO: [ view_parse ] --END-- [ RunTime:0.034359s ]
INFO: [ view_filter ] --START--
INFO: Run Behavior\WriteHtmlCacheBehavior [ RunTime:0.000270s ]
INFO: [ view_filter ] --END-- [ RunTime:0.000295s ]
INFO: [ app_end ] --START--
INFO: Run Behavior\ShowPageTraceBehavior [ RunTime:0.000774s ]
INFO: [ app_end ] --END-- [ RunTime:0.000829s ]

[ 2017-09-27T15:26:01+08:00 ] ::1 /Angelababy/Login/login
INFO: [ app_init ] --START--
INFO: Run Behavior\BuildLiteBehavior [ RunTime:0.000063s ]
INFO: [ app_init ] --END-- [ RunTime:0.001972s ]
INFO: [ app_begin ] --START--
INFO: Run Behavior\ReadHtmlCacheBehavior [ RunTime:0.000814s ]
INFO: [ app_begin ] --END-- [ RunTime:0.000878s ]
INFO: [ view_parse ] --START--
INFO: [ template_filter ] --START--
INFO: Run Behavior\ContentReplaceBehavior [ RunTime:0.000030s ]
INFO: [ template_filter ] --END-- [ RunTime:0.000068s ]
INFO: Run Behavior\ParseTemplateBehavior [ RunTime:0.009163s ]
INFO: [ view_parse ] --END-- [ RunTime:0.009226s ]
INFO: [ view_filter ] --START--
INFO: Run Behavior\WriteHtmlCacheBehavior [ RunTime:0.000332s ]
INFO: [ view_filter ] --END-- [ RunTime:0.000368s ]
INFO: [ app_end ] --START--
INFO: Run Behavior\ShowPageTraceBehavior [ RunTime:0.000535s ]
INFO: [ app_end ] --END-- [ RunTime:0.000567s ]

[ 2017-09-27T15:26:07+08:00 ] ::1 /Angelababy/Login/checked
INFO: [ app_init ] --START--
INFO: Run Behavior\BuildLiteBehavior [ RunTime:0.000007s ]
INFO: [ app_init ] --END-- [ RunTime:0.000356s ]
INFO: [ app_begin ] --START--
INFO: Run Behavior\ReadHtmlCacheBehavior [ RunTime:0.000435s ]
INFO: [ app_begin ] --END-- [ RunTime:0.000465s ]
NOTIC: [8] A session had already been started - ignoring session_start() D:\WWW\Angelababy\Application\Home\Controller\LoginController.class.php 第 10 行.
SQL: SHOW COLUMNS FROM `meitu_user` [ RunTime:0.0295s ]
SQL: SELECT * FROM `meitu_user` LIMIT 1   [ RunTime:0.0004s ]
INFO: [ app_end ] --START--
INFO: Run Behavior\ShowPageTraceBehavior [ RunTime:0.000804s ]
INFO: [ app_end ] --END-- [ RunTime:0.000848s ]

[ 2017-09-27T15:26:09+08:00 ] ::1 /Angelababy/Index/index
INFO: [ app_init ] --START--
INFO: Run Behavior\BuildLiteBehavior [ RunTime:0.000016s ]
INFO: [ app_init ] --END-- [ RunTime:0.001256s ]
INFO: [ app_begin ] --START--
INFO: Run Behavior\ReadHtmlCacheBehavior [ RunTime:0.000795s ]
INFO: [ app_begin ] --END-- [ RunTime:0.000858s ]
SQL: SHOW COLUMNS FROM `meitu_cart` [ RunTime:0.0317s ]
SQL: SHOW COLUMNS FROM `meitu_user` [ RunTime:0.0158s ]
SQL: SELECT `uid` FROM `meitu_user` LIMIT 1   [ RunTime:0.0003s ]
SQL: SELECT `cid` FROM `meitu_cart` LIMIT 1   [ RunTime:0.0003s ]
SQL: SHOW COLUMNS FROM `meitu_cart_detail` [ RunTime:0.0160s ]
SQL: SELECT * FROM `meitu_cart_detail` INNER JOIN meitu_product  WHERE ( cartId=1 and productId=pid )  [ RunTime:0.0006s ]
NOTIC: [8] A session had already been started - ignoring session_start() D:\WWW\Angelababy\Application\Home\Controller\BaseController.class.php 第 10 行.
INFO: [ view_parse ] --START--
INFO: [ template_filter ] --START--
INFO: Run Behavior\ContentReplaceBehavior [ RunTime:0.000341s ]
INFO: [ template_filter ] --END-- [ RunTime:0.000407s ]
INFO: Run Behavior\ParseTemplateBehavior [ RunTime:0.035079s ]
INFO: [ view_parse ] --END-- [ RunTime:0.035128s ]
INFO: [ view_filter ] --START--
INFO: Run Behavior\WriteHtmlCacheBehavior [ RunTime:0.000304s ]
INFO: [ view_filter ] --END-- [ RunTime:0.000328s ]
INFO: [ app_end ] --START--
INFO: Run Behavior\ShowPageTraceBehavior [ RunTime:0.000601s ]
INFO: [ app_end ] --END-- [ RunTime:0.000646s ]

[ 2017-09-27T15:26:35+08:00 ] ::1 /Angelababy/Login/signOut
INFO: [ app_init ] --START--
INFO: Run Behavior\BuildLiteBehavior [ RunTime:0.000010s ]
INFO: [ app_init ] --END-- [ RunTime:0.000530s ]
INFO: [ app_begin ] --START--
INFO: Run Behavior\ReadHtmlCacheBehavior [ RunTime:0.000691s ]
INFO: [ app_begin ] --END-- [ RunTime:0.000746s ]
INFO: [ app_end ] --START--
INFO: Run Behavior\ShowPageTraceBehavior [ RunTime:0.000699s ]
INFO: [ app_end ] --END-- [ RunTime:0.000751s ]

[ 2017-09-27T15:26:35+08:00 ] ::1 /Angelababy/Login/signOut
INFO: [ app_init ] --START--
INFO: Run Behavior\BuildLiteBehavior [ RunTime:0.000012s ]
INFO: [ app_init ] --END-- [ RunTime:0.000577s ]
INFO: [ app_begin ] --START--
INFO: Run Behavior\ReadHtmlCacheBehavior [ RunTime:0.000675s ]
INFO: [ app_begin ] --END-- [ RunTime:0.000723s ]
INFO: [ app_end ] --START--
INFO: Run Behavior\ShowPageTraceBehavior [ RunTime:0.000889s ]
INFO: [ app_end ] --END-- [ RunTime:0.000972s ]

[ 2017-09-27T15:26:36+08:00 ] ::1 /Angelababy/Index/index
INFO: [ app_init ] --START--
INFO: Run Behavior\BuildLiteBehavior [ RunTime:0.000018s ]
INFO: [ app_init ] --END-- [ RunTime:0.000708s ]
INFO: [ app_begin ] --START--
INFO: Run Behavior\ReadHtmlCacheBehavior [ RunTime:0.000824s ]
INFO: [ app_begin ] --END-- [ RunTime:0.000921s ]
SQL: SHOW COLUMNS FROM `meitu_cart` [ RunTime:0.0309s ]
SQL: SHOW COLUMNS FROM `meitu_user` [ RunTime:0.0267s ]
SQL: SELECT `uid` FROM `meitu_user` LIMIT 1   [ RunTime:0.0005s ]
SQL: SELECT `cid` FROM `meitu_cart` LIMIT 1   [ RunTime:0.0005s ]
SQL: SHOW COLUMNS FROM `meitu_cart_detail` [ RunTime:0.0159s ]
SQL: SELECT * FROM `meitu_cart_detail` INNER JOIN meitu_product  WHERE ( cartId=1 and productId=pid )  [ RunTime:0.0005s ]
NOTIC: [8] A session had already been started - ignoring session_start() D:\WWW\Angelababy\Application\Home\Controller\BaseController.class.php 第 10 行.
INFO: [ view_parse ] --START--
INFO: [ template_filter ] --START--
INFO: Run Behavior\ContentReplaceBehavior [ RunTime:0.000247s ]
INFO: [ template_filter ] --END-- [ RunTime:0.000291s ]
NOTIC: [8] Undefined variable: uname D:\WWW\Angelababy\Application\Runtime\Cache\Home\2a94b8bda04ff446dcedd42276fc99ee.php 第 49 行.
NOTIC: [8] Undefined variable: arr D:\WWW\Angelababy\Application\Runtime\Cache\Home\2a94b8bda04ff446dcedd42276fc99ee.php 第 75 行.
INFO: Run Behavior\ParseTemplateBehavior [ RunTime:0.037041s ]
INFO: [ view_parse ] --END-- [ RunTime:0.037083s ]
INFO: [ view_filter ] --START--
INFO: Run Behavior\WriteHtmlCacheBehavior [ RunTime:0.000366s ]
INFO: [ view_filter ] --END-- [ RunTime:0.000398s ]
INFO: [ app_end ] --START--
INFO: Run Behavior\ShowPageTraceBehavior [ RunTime:0.000646s ]
INFO: [ app_end ] --END-- [ RunTime:0.000696s ]

[ 2017-09-27T15:26:38+08:00 ] ::1 /Angelababy/Index/index
INFO: [ app_init ] --START--
INFO: Run Behavior\BuildLiteBehavior [ RunTime:0.000014s ]
INFO: [ app_init ] --END-- [ RunTime:0.000652s ]
INFO: [ app_begin ] --START--
INFO: Run Behavior\ReadHtmlCacheBehavior [ RunTime:0.000517s ]
INFO: [ app_begin ] --END-- [ RunTime:0.000572s ]
SQL: SHOW COLUMNS FROM `meitu_cart` [ RunTime:0.0300s ]
SQL: SHOW COLUMNS FROM `meitu_user` [ RunTime:0.0203s ]
SQL: SELECT `uid` FROM `meitu_user` LIMIT 1   [ RunTime:0.0002s ]
SQL: SELECT `cid` FROM `meitu_cart` LIMIT 1   [ RunTime:0.0001s ]
SQL: SHOW COLUMNS FROM `meitu_cart_detail` [ RunTime:0.0175s ]
SQL: SELECT * FROM `meitu_cart_detail` INNER JOIN meitu_product  WHERE ( cartId=1 and productId=pid )  [ RunTime:0.0004s ]
NOTIC: [8] A session had already been started - ignoring session_start() D:\WWW\Angelababy\Application\Home\Controller\BaseController.class.php 第 10 行.
INFO: [ view_parse ] --START--
INFO: [ template_filter ] --START--
INFO: Run Behavior\ContentReplaceBehavior [ RunTime:0.000201s ]
INFO: [ template_filter ] --END-- [ RunTime:0.000249s ]
NOTIC: [8] Undefined variable: uname D:\WWW\Angelababy\Application\Runtime\Cache\Home\2a94b8bda04ff446dcedd42276fc99ee.php 第 49 行.
NOTIC: [8] Undefined variable: arr D:\WWW\Angelababy\Application\Runtime\Cache\Home\2a94b8bda04ff446dcedd42276fc99ee.php 第 75 行.
INFO: Run Behavior\ParseTemplateBehavior [ RunTime:0.060454s ]
INFO: [ view_parse ] --END-- [ RunTime:0.060489s ]
INFO: [ view_filter ] --START--
INFO: Run Behavior\WriteHtmlCacheBehavior [ RunTime:0.000325s ]
INFO: [ view_filter ] --END-- [ RunTime:0.000352s ]
INFO: [ app_end ] --START--
INFO: Run Behavior\ShowPageTraceBehavior [ RunTime:0.000834s ]
INFO: [ app_end ] --END-- [ RunTime:0.000891s ]

[ 2017-09-27T15:26:48+08:00 ] ::1 /Angelababy/Login/login
INFO: [ app_init ] --START--
INFO: Run Behavior\BuildLiteBehavior [ RunTime:0.000013s ]
INFO: [ app_init ] --END-- [ RunTime:0.000514s ]
INFO: [ app_begin ] --START--
INFO: Run Behavior\ReadHtmlCacheBehavior [ RunTime:0.001505s ]
INFO: [ app_begin ] --END-- [ RunTime:0.001603s ]
INFO: [ view_parse ] --START--
INFO: [ template_filter ] --START--
INFO: Run Behavior\ContentReplaceBehavior [ RunTime:0.000028s ]
INFO: [ template_filter ] --END-- [ RunTime:0.000062s ]
INFO: Run Behavior\ParseTemplateBehavior [ RunTime:0.005139s ]
INFO: [ view_parse ] --END-- [ RunTime:0.005184s ]
INFO: [ view_filter ] --START--
INFO: Run Behavior\WriteHtmlCacheBehavior [ RunTime:0.000304s ]
INFO: [ view_filter ] --END-- [ RunTime:0.000332s ]
INFO: [ app_end ] --START--
INFO: Run Behavior\ShowPageTraceBehavior [ RunTime:0.000471s ]
INFO: [ app_end ] --END-- [ RunTime:0.000501s ]

[ 2017-09-27T15:26:53+08:00 ] ::1 /Angelababy/Login/checked
INFO: [ app_init ] --START--
INFO: Run Behavior\BuildLiteBehavior [ RunTime:0.000009s ]
INFO: [ app_init ] --END-- [ RunTime:0.000396s ]
INFO: [ app_begin ] --START--
INFO: Run Behavior\ReadHtmlCacheBehavior [ RunTime:0.000465s ]
INFO: [ app_begin ] --END-- [ RunTime:0.000497s ]
NOTIC: [8] A session had already been started - ignoring session_start() D:\WWW\Angelababy\Application\Home\Controller\LoginController.class.php 第 10 行.
SQL: SHOW COLUMNS FROM `meitu_user` [ RunTime:0.0425s ]
SQL: SELECT * FROM `meitu_user` LIMIT 1   [ RunTime:0.0004s ]

[ 2017-09-27T15:27:00+08:00 ] ::1 /Angelababy/Login/checked
INFO: [ app_init ] --START--
INFO: Run Behavior\BuildLiteBehavior [ RunTime:0.000009s ]
INFO: [ app_init ] --END-- [ RunTime:0.000472s ]
INFO: [ app_begin ] --START--
INFO: Run Behavior\ReadHtmlCacheBehavior [ RunTime:0.000593s ]
INFO: [ app_begin ] --END-- [ RunTime:0.000629s ]
NOTIC: [8] A session had already been started - ignoring session_start() D:\WWW\Angelababy\Application\Home\Controller\LoginController.class.php 第 10 行.
SQL: SHOW COLUMNS FROM `meitu_user` [ RunTime:0.0447s ]
SQL: SELECT * FROM `meitu_user` LIMIT 1   [ RunTime:0.0004s ]

[ 2017-09-27T15:27:31+08:00 ] ::1 /Angelababy/Login/checked
INFO: [ app_init ] --START--
INFO: Run Behavior\BuildLiteBehavior [ RunTime:0.000013s ]
INFO: [ app_init ] --END-- [ RunTime:0.000506s ]
INFO: [ app_begin ] --START--
INFO: Run Behavior\ReadHtmlCacheBehavior [ RunTime:0.000798s ]
INFO: [ app_begin ] --END-- [ RunTime:0.000862s ]
NOTIC: [8] A session had already been started - ignoring session_start() D:\WWW\Angelababy\Application\Home\Controller\LoginController.class.php 第 10 行.
SQL: SHOW COLUMNS FROM `meitu_user` [ RunTime:0.0235s ]
SQL: SELECT * FROM `meitu_user` WHERE `uname` = '15531006501' AND `upwd` = '123' LIMIT 1   [ RunTime:0.0003s ]

[ 2017-09-27T15:27:39+08:00 ] ::1 /Angelababy/Login/checked
INFO: [ app_init ] --START--
INFO: Run Behavior\BuildLiteBehavior [ RunTime:0.000018s ]
INFO: [ app_init ] --END-- [ RunTime:0.000510s ]
INFO: [ app_begin ] --START--
INFO: Run Behavior\ReadHtmlCacheBehavior [ RunTime:0.000834s ]
INFO: [ app_begin ] --END-- [ RunTime:0.000910s ]
NOTIC: [8] A session had already been started - ignoring session_start() D:\WWW\Angelababy\Application\Home\Controller\LoginController.class.php 第 10 行.
SQL: SHOW COLUMNS FROM `meitu_user` [ RunTime:0.0392s ]
SQL: SELECT * FROM `meitu_user` WHERE `uname` = '15531006501' AND `upwd` = '$_POST' LIMIT 1   [ RunTime:0.0004s ]

[ 2017-09-27T15:29:42+08:00 ] ::1 /Angelababy/Login/checked
INFO: [ app_init ] --START--
INFO: Run Behavior\BuildLiteBehavior [ RunTime:0.000020s ]
INFO: [ app_init ] --END-- [ RunTime:0.000921s ]
INFO: [ app_begin ] --START--
INFO: Run Behavior\ReadHtmlCacheBehavior [ RunTime:0.000770s ]
INFO: [ app_begin ] --END-- [ RunTime:0.000827s ]
NOTIC: [8] A session had already been started - ignoring session_start() D:\WWW\Angelababy\Application\Home\Controller\LoginController.class.php 第 10 行.
SQL: SHOW COLUMNS FROM `meitu_user` [ RunTime:0.0421s ]
SQL: SELECT * FROM `meitu_user` WHERE `uname` = '15531006501' AND `upwd` = '\'or\"=\'' LIMIT 1   [ RunTime:0.0007s ]

[ 2017-09-27T15:31:30+08:00 ] ::1 /Angelababy/Login/checked
INFO: [ app_init ] --START--
INFO: Run Behavior\BuildLiteBehavior [ RunTime:0.000015s ]
INFO: [ app_init ] --END-- [ RunTime:0.000753s ]
INFO: [ app_begin ] --START--
INFO: Run Behavior\ReadHtmlCacheBehavior [ RunTime:0.000720s ]
INFO: [ app_begin ] --END-- [ RunTime:0.000784s ]
NOTIC: [8] A session had already been started - ignoring session_start() D:\WWW\Angelababy\Application\Home\Controller\LoginController.class.php 第 10 行.
SQL: SHOW COLUMNS FROM `meitu_user` [ RunTime:0.0311s ]
SQL: SELECT * FROM `meitu_user` WHERE `uname` = '15531006501' AND `upwd` = '\'or\"=\'' LIMIT 1   [ RunTime:0.0004s ]

[ 2017-09-27T15:31:47+08:00 ] ::1 /Angelababy/Login/checked
INFO: [ app_init ] --START--
INFO: Run Behavior\BuildLiteBehavior [ RunTime:0.000012s ]
INFO: [ app_init ] --END-- [ RunTime:0.000710s ]
INFO: [ app_begin ] --START--
INFO: Run Behavior\ReadHtmlCacheBehavior [ RunTime:0.000572s ]
INFO: [ app_begin ] --END-- [ RunTime:0.000630s ]
NOTIC: [8] A session had already been started - ignoring session_start() D:\WWW\Angelababy\Application\Home\Controller\LoginController.class.php 第 10 行.
SQL: SHOW COLUMNS FROM `meitu_user` [ RunTime:0.0392s ]
SQL: SELECT * FROM `meitu_user` WHERE `uname` = '15531006501' AND `upwd` = '1=1' LIMIT 1   [ RunTime:0.0008s ]

[ 2017-09-27T15:32:07+08:00 ] ::1 /Angelababy/Login/checked
INFO: [ app_init ] --START--
INFO: Run Behavior\BuildLiteBehavior [ RunTime:0.000013s ]
INFO: [ app_init ] --END-- [ RunTime:0.000548s ]
INFO: [ app_begin ] --START--
INFO: Run Behavior\ReadHtmlCacheBehavior [ RunTime:0.000474s ]
INFO: [ app_begin ] --END-- [ RunTime:0.000509s ]
NOTIC: [8] A session had already been started - ignoring session_start() D:\WWW\Angelababy\Application\Home\Controller\LoginController.class.php 第 10 行.
SQL: SHOW COLUMNS FROM `meitu_user` [ RunTime:0.0473s ]
SQL: SELECT * FROM `meitu_user` WHERE `uname` = '15531006501' AND `upwd` = '1or1=1' LIMIT 1   [ RunTime:0.0004s ]

[ 2017-09-27T15:32:26+08:00 ] ::1 /Angelababy/Login/checked
INFO: [ app_init ] --START--
INFO: Run Behavior\BuildLiteBehavior [ RunTime:0.000017s ]
INFO: [ app_init ] --END-- [ RunTime:0.000612s ]
INFO: [ app_begin ] --START--
INFO: Run Behavior\ReadHtmlCacheBehavior [ RunTime:0.000538s ]
INFO: [ app_begin ] --END-- [ RunTime:0.000586s ]
NOTIC: [8] A session had already been started - ignoring session_start() D:\WWW\Angelababy\Application\Home\Controller\LoginController.class.php 第 10 行.
SQL: SHOW COLUMNS FROM `meitu_user` [ RunTime:0.0255s ]
SQL: SELECT * FROM `meitu_user` WHERE `uname` = '15531006501' AND `upwd` = '1 or 1=1' LIMIT 1   [ RunTime:0.0004s ]

[ 2017-09-27T15:32:48+08:00 ] ::1 /Angelababy/Login/checked
INFO: [ app_init ] --START--
INFO: Run Behavior\BuildLiteBehavior [ RunTime:0.000013s ]
INFO: [ app_init ] --END-- [ RunTime:0.000598s ]
INFO: [ app_begin ] --START--
INFO: Run Behavior\ReadHtmlCacheBehavior [ RunTime:0.000744s ]
INFO: [ app_begin ] --END-- [ RunTime:0.000789s ]
NOTIC: [8] A session had already been started - ignoring session_start() D:\WWW\Angelababy\Application\Home\Controller\LoginController.class.php 第 10 行.
SQL: SHOW COLUMNS FROM `meitu_user` [ RunTime:0.0586s ]
SQL: SELECT * FROM `meitu_user` WHERE `uname` = '15531006501' AND `upwd` = '1 or 1=1'  [ RunTime:0.0007s ]

[ 2017-09-27T15:35:15+08:00 ] ::1 /Angelababy/Login/checked
INFO: [ app_init ] --START--
INFO: Run Behavior\BuildLiteBehavior [ RunTime:0.000011s ]
INFO: [ app_init ] --END-- [ RunTime:0.000629s ]
INFO: [ app_begin ] --START--
INFO: Run Behavior\ReadHtmlCacheBehavior [ RunTime:0.000540s ]
INFO: [ app_begin ] --END-- [ RunTime:0.000574s ]
NOTIC: [8] A session had already been started - ignoring session_start() D:\WWW\Angelababy\Application\Home\Controller\LoginController.class.php 第 10 行.
SQL: SHOW COLUMNS FROM `meitu_user` [ RunTime:0.0400s ]
SQL: SELECT * FROM `meitu_user` WHERE `uname` = '15531006501' AND `upwd` = '1\' or 1=1'  [ RunTime:0.0004s ]

[ 2017-09-27T15:35:38+08:00 ] ::1 /Angelababy/Login/checked
INFO: [ app_init ] --START--
INFO: Run Behavior\BuildLiteBehavior [ RunTime:0.000012s ]
INFO: [ app_init ] --END-- [ RunTime:0.000603s ]
INFO: [ app_begin ] --START--
INFO: Run Behavior\ReadHtmlCacheBehavior [ RunTime:0.000714s ]
INFO: [ app_begin ] --END-- [ RunTime:0.000773s ]
NOTIC: [8] A session had already been started - ignoring session_start() D:\WWW\Angelababy\Application\Home\Controller\LoginController.class.php 第 10 行.
SQL: SHOW COLUMNS FROM `meitu_user` [ RunTime:0.0191s ]
SQL: SELECT * FROM `meitu_user` WHERE `uname` = '15531006501' AND `upwd` = '1\" or 1=1'  [ RunTime:0.0003s ]

[ 2017-09-27T15:35:49+08:00 ] ::1 /Angelababy/Login/checked
INFO: [ app_init ] --START--
INFO: Run Behavior\BuildLiteBehavior [ RunTime:0.000014s ]
INFO: [ app_init ] --END-- [ RunTime:0.000560s ]
INFO: [ app_begin ] --START--
INFO: Run Behavior\ReadHtmlCacheBehavior [ RunTime:0.000740s ]
INFO: [ app_begin ] --END-- [ RunTime:0.000852s ]
NOTIC: [8] A session had already been started - ignoring session_start() D:\WWW\Angelababy\Application\Home\Controller\LoginController.class.php 第 10 行.
SQL: SHOW COLUMNS FROM `meitu_user` [ RunTime:0.0436s ]
SQL: SELECT * FROM `meitu_user` WHERE `uname` = '15531006501' AND `upwd` = '1\\\' or 1=1'  [ RunTime:0.0009s ]

[ 2017-09-27T15:36:48+08:00 ] ::1 /Angelababy/Login/checked
INFO: [ app_init ] --START--
INFO: Run Behavior\BuildLiteBehavior [ RunTime:0.000016s ]
INFO: [ app_init ] --END-- [ RunTime:0.000769s ]
INFO: [ app_begin ] --START--
INFO: Run Behavior\ReadHtmlCacheBehavior [ RunTime:0.000903s ]
INFO: [ app_begin ] --END-- [ RunTime:0.001006s ]
NOTIC: [8] A session had already been started - ignoring session_start() D:\WWW\Angelababy\Application\Home\Controller\LoginController.class.php 第 10 行.
SQL: SHOW COLUMNS FROM `meitu_user` [ RunTime:0.0205s ]
SQL: SELECT * FROM `meitu_user` WHERE `uname` = '15531006501' AND `upwd` = '1 or 1=1'  [ RunTime:0.0004s ]

[ 2017-09-27T15:37:05+08:00 ] ::1 /Angelababy/Login/checked
INFO: [ app_init ] --START--
INFO: Run Behavior\BuildLiteBehavior [ RunTime:0.000017s ]
INFO: [ app_init ] --END-- [ RunTime:0.000572s ]
INFO: [ app_begin ] --START--
INFO: Run Behavior\ReadHtmlCacheBehavior [ RunTime:0.000955s ]
INFO: [ app_begin ] --END-- [ RunTime:0.001048s ]
NOTIC: [8] A session had already been started - ignoring session_start() D:\WWW\Angelababy\Application\Home\Controller\LoginController.class.php 第 10 行.
SQL: SHOW COLUMNS FROM `meitu_user` [ RunTime:0.1110s ]
SQL: SELECT * FROM `meitu_user` WHERE `uname` = '15531006501' AND `upwd` = '1\\ or 1=1'  [ RunTime:0.0004s ]

[ 2017-09-27T15:45:07+08:00 ] ::1 /Angelababy/Login/checked
INFO: [ app_init ] --START--
INFO: Run Behavior\BuildLiteBehavior [ RunTime:0.000010s ]
INFO: [ app_init ] --END-- [ RunTime:0.000431s ]
INFO: [ app_begin ] --START--
INFO: Run Behavior\ReadHtmlCacheBehavior [ RunTime:0.000467s ]
INFO: [ app_begin ] --END-- [ RunTime:0.000498s ]
NOTIC: [8] A session had already been started - ignoring session_start() D:\WWW\Angelababy\Application\Home\Controller\LoginController.class.php 第 10 行.
SQL: SHOW COLUMNS FROM `meitu_user` [ RunTime:0.0295s ]
SQL: SELECT * FROM `meitu_user` WHERE `uname` = '15531006501' AND `upwd` = '1\' \' or \'1\'=1' LIMIT 1   [ RunTime:0.0003s ]
INFO: [ app_end ] --START--
INFO: Run Behavior\ShowPageTraceBehavior [ RunTime:0.001008s ]
INFO: [ app_end ] --END-- [ RunTime:0.001061s ]

[ 2017-09-27T15:45:33+08:00 ] ::1 /Angelababy/Login/checked
INFO: [ app_init ] --START--
INFO: Run Behavior\BuildLiteBehavior [ RunTime:0.000016s ]
INFO: [ app_init ] --END-- [ RunTime:0.000603s ]
INFO: [ app_begin ] --START--
INFO: Run Behavior\ReadHtmlCacheBehavior [ RunTime:0.000833s ]
INFO: [ app_begin ] --END-- [ RunTime:0.000891s ]
NOTIC: [8] A session had already been started - ignoring session_start() D:\WWW\Angelababy\Application\Home\Controller\LoginController.class.php 第 10 行.
SQL: SHOW COLUMNS FROM `meitu_user` [ RunTime:0.0217s ]
SQL: SELECT * FROM `meitu_user` WHERE `uname` = '15531006501' AND `upwd` = '1\' \' or \'1\'=1' LIMIT 1   [ RunTime:0.0003s ]

[ 2017-09-27T15:45:54+08:00 ] ::1 /Angelababy/Login/checked
INFO: [ app_init ] --START--
INFO: Run Behavior\BuildLiteBehavior [ RunTime:0.000012s ]
INFO: [ app_init ] --END-- [ RunTime:0.000510s ]
INFO: [ app_begin ] --START--
INFO: Run Behavior\ReadHtmlCacheBehavior [ RunTime:0.000495s ]
INFO: [ app_begin ] --END-- [ RunTime:0.000533s ]
NOTIC: [8] A session had already been started - ignoring session_start() D:\WWW\Angelababy\Application\Home\Controller\LoginController.class.php 第 10 行.
SQL: SHOW COLUMNS FROM `meitu_user` [ RunTime:0.0192s ]
SQL: SELECT * FROM `meitu_user` WHERE `uname` = '15531006501' AND `upwd` = '1\' \' or \'1\'=1'  [ RunTime:0.0003s ]

